make all --print-data-base --no-builtin-variables --no-builtin-rules --question
# GNU Make 3.81
# Copyright (C) 2006  Free Software Foundation, Inc.
# This is free software; see the source for copying conditions.
# There is NO warranty; not even for MERCHANTABILITY or FITNESS FOR A
# PARTICULAR PURPOSE.

# This program built for i386-apple-darwin11.3.0
 

# Make data base, printed on Tue May 24 18:38:00 2022

# Variables

# automatic
<D = $(patsubst %/,%,$(dir $<))
# automatic
?F = $(notdir $?)
# makefile (from `Makefile', line 8)
OBJ = $(SRC:%.c=%.o)
# makefile (from `Makefile', line 2)
SRC = s21_strerror.c s21_memset.c s21_strcat.c s21_strncat.c s21_strchr.c s21_memchr.c s21_memcmp.c s21_memcpy.c s21_strlen.c s21_memmove.c s21_strcspn.c s21_strpbrk.c s21_strcmp.c s21_strncmp.c s21_strcpy.c s21_strncpy.c  s21_strrchr.c s21_strspn.c s21_strstr.c s21_strtok.c s21_insert.c s21_trim.c s21_to_lower.c s21_to_upper.c s21_sprintf.c
# environment
VSCODE_LOG_NATIVE = false
# automatic
?D = $(patsubst %/,%,$(dir $?))
# automatic
@D = $(patsubst %/,%,$(dir $@))
# automatic
@F = $(notdir $@)
# makefile
CURDIR := /Users/craftbec/C2_s21_stringplus-4/src
# makefile
 
SHELL = /bin/sh
# environment
VSCODE_NLS_CONFIG = {"locale":"ru","availableLanguages":{},"_languagePackSupport":true}
# environment
_ = /usr/bin/make
# makefile (from `Makefile', line 1)
MAKEFILE_LIST :=  Makefile
# environment
VSCODE_VERBOSE_LOGGING = true
# environment
__CFBundleIdentifier = com.microsoft.VSCode
# environment
VSCODE_IPC_HOOK_EXTHOST = /var/folders/zz/zyxvpxvq6csfxvn_n0002890000k28/T/vscode-ipc-002ac337-cfe0-48c1-979b-3b1b029f2ffc.sock
# environment
VSCODE_CWD = /
# environment
PATH = /Users/craftbec/.brew/bin:/usr/local/bin:/usr/bin:/bin:/usr/sbin:/sbin:/usr/local/munki:/Library/Apple/usr/bin
# environment
LSCOLORS = Gxfxcxdxbxegedabagacad
# environment
LIBRARY_PATH = /usr/local/Cellar/check/0.15.2/lib:/usr/local/lib
# environment
VSCODE_LOG_STACK = false
# environment
ELECTRON_RUN_AS_NODE = 1
# default
.FEATURES := target-specific order-only second-expansion else-if archives jobserver check-symlink
# environment
SSH_AUTH_SOCK = /private/tmp/com.apple.launchd.JowLTKY1lw/Listeners
# environment
CPLUS_INCLUDE_PATH = /usr/local/include/
# automatic
%F = $(notdir $%)
# environment
HOMEBREW_TEMP = /tmp/craftbec/Homebrew/Temp
# environment
VSCODE_PIPE_LOGGING = true
# environment
PWD = /Users/craftbec/C2_s21_stringplus-4/src
# environment
ORIGINAL_XDG_CURRENT_DESKTOP = undefined
# environment
VSCODE_AMD_ENTRYPOINT = vs/workbench/api/node/extensionHostProcess
# environment
HOME = /Users/craftbec
# default
MAKEFILEPATH := /Applications/Xcode.app/Contents/Developer/Makefiles
# environment
VSCODE_CODE_CACHE_PATH = /Users/craftbec/Library/Application Support/Code/CachedData/dfd34e8260c270da74b5c2d86d61aee4b6d56977
# environment
LOGNAME = craftbec
# environment
APPLICATION_INSIGHTS_NO_DIAGNOSTIC_CHANNEL = 1
# environment
ZSH = /Users/craftbec/.oh-my-zsh
# environment
VSCODE_HANDLES_UNCAUGHT_ERRORS = true
# automatic
^D = $(patsubst %/,%,$(dir $^))
# environment
XPC_FLAGS = 0x0
# default
MAKE = $(MAKE_COMMAND)
# default
MAKECMDGOALS := all
# environment
HOMEBREW_CACHE = /tmp/craftbec/Homebrew/Caches
# environment
SHLVL = 1
# makefile (from `Makefile', line 1)
CC = gcc -Wextra -Werror -Wall
# default
MAKE_VERSION := 3.81
# environment
USER = craftbec
# makefile
.DEFAULT_GOAL := all
# environment
LESS = -R
# automatic
%D = $(patsubst %/,%,$(dir $%))
# default
MAKE_COMMAND := /Applications/Xcode.app/Contents/Developer/usr/bin/make
# default
.VARIABLES := 
# environment
TMPDIR = /var/folders/zz/zyxvpxvq6csfxvn_n0002890000k28/T/
# automatic
*F = $(notdir $*)
# environment
VSCODE_IPC_HOOK = /Users/craftbec/Library/Application Support/Code/1.66.2-main.sock
# makefile
MAKEFLAGS = Rrqp
# environment
MFLAGS = -Rrqp
# automatic
*D = $(patsubst %/,%,$(dir $*))
# environment
XPC_SERVICE_NAME = application.com.microsoft.VSCode.12886070656.12886070858
# automatic
+D = $(patsubst %/,%,$(dir $+))
# automatic
+F = $(notdir $+)
# environment
__CF_USER_TEXT_ENCODING = 0x4848:0x0:0x0
# environment
COMMAND_MODE = unix2003
# default
MAKEFILES := 
# automatic
<F = $(notdir $<)
# environment
PAGER = less
# environment
LC_ALL = C
# automatic
^F = $(notdir $^)
# default
SUFFIXES := 
# environment
C_INCLUDE_PATH = /usr/local/include/
# default
.INCLUDE_DIRS = /usr/local/include
# environment
MAKELEVEL := 0
# environment
LANG = C
# environment
VSCODE_PID = 38970
# variable set hash-table stats:
# Load=74/1024=7%, Rehash=0, Collisions=4/103=4%

# Pattern-specific Variable Values

# No pattern-specific variable values.

# Directories

 
# . (device 16777230, inode 332410): 33 files, no impossibilities.

# 33 files, no impossibilities in 1 directories.

# Implicit Rules

%.o: %.c s21_string.h
#  commands to execute (from `Makefile', line 16):
	$(CC) -c $<
	

# 1 implicit rules, 0 (0.0%) terminal.

# Files

# Not a target:
s21_memcpy.o:
#  Implicit rule search has not been done.
#  Modification time never checked.
#  File has not been updated.

# Not a target:
s21_memcmp.o:
#  Implicit rule search has not been done.
#  Modification time never checked.
#  File has not been updated.

# Not a target:
s21_strlen.o:
#  Implicit rule search has not been done.
#  Modification time never checked.
#  File has not been updated.

# Not a target:
s21_memchr.o:
#  Implicit rule search has not been done.
#  Modification time never checked.
#  File has not been updated.

# Not a target:
s21_memset.o:
#  Implicit rule search has not been done.
#  Modification time never checked.
#  File has not been updated.

gcov_report: test
#  Implicit rule search has not been done.
#  Modification time never checked.
#  File has not been updated.
#  commands to execute (from `Makefile', line 24):
	lcov -t "test" -o test.info -c -d .
	genhtml -o test_output test.info
	@cd ./test_output ; open index.html
	

all: s21_string.a test gcov_report
#  Command-line target.
#  Implicit rule search has been done.
#  File does not exist.
#  File has been updated.
#  Needs to be updated (-q is set).
# variable set hash-table stats:
# Load=0/32=0%, Rehash=0, Collisions=0/3=0%

# Not a target:
s21_to_lower.o:
#  Implicit rule search has not been done.
#  Modification time never checked.
#  File has not been updated.

# Not a target:
s21_strrchr.o:
#  Implicit rule search has not been done.
#  Modification time never checked.
#  File has not been updated.

# Not a target:
s21_strncat.o:
#  Implicit rule search has not been done.
#  Modification time never checked.
#  File has not been updated.

# Not a target:
s21_to_upper.o:
#  Implicit rule search has not been done.
#  Modification time never checked.
#  File has not been updated.

# Not a target:
s21_strcat.o:
#  Implicit rule search has not been done.
#  Modification time never checked.
#  File has not been updated.

# Not a target:
.SUFFIXES:
#  Implicit rule search has not been done.
#  Modification time never checked.
#  File has not been updated.

# Not a target:
Makefile:
#  Implicit rule search has been done.
#  Last modified 2022-05-24 18:37:42
#  File has been updated.
#  Successfully updated.
# variable set hash-table stats:
# Load=0/32=0%, Rehash=0, Collisions=0/0=0%

test:
#  Implicit rule search has not been done.
#  Modification time never checked.
#  File has not been updated.
#  commands to execute (from `Makefile', line 19):
	$(CC) -lgcov -coverage string_test.c $(SRC) -lcheck -lm -lpthread -o test
	./test
	

# Not a target:
s21_strcspn.o:
#  Implicit rule search has not been done.
#  Modification time never checked.
#  File has not been updated.

# Not a target:
s21_strtok.o:
#  Implicit rule search has not been done.
#  Modification time never checked.
#  File has not been updated.

s21_string.a: s21_strerror.o s21_memset.o s21_strcat.o s21_strncat.o s21_strchr.o s21_memchr.o s21_memcmp.o s21_memcpy.o s21_strlen.o s21_memmove.o s21_strcspn.o s21_strpbrk.o s21_strcmp.o s21_strncmp.o s21_strcpy.o s21_strncpy.o s21_strrchr.o s21_strspn.o s21_strstr.o s21_strtok.o s21_insert.o s21_trim.o s21_to_lower.o s21_to_upper.o s21_sprintf.o
#  Implicit rule search has not been done.
#  File does not exist.
#  File has been updated.
#  Needs to be updated (-q is set).
# variable set hash-table stats:
# Load=0/32=0%, Rehash=0, Collisions=0/3=0%
#  commands to execute (from `Makefile', line 13):
	ar rcs s21_string.a $^ 
	

s21_strerror.o: s21_strerror.c s21_string.h
#  Implicit rule search has been done.
#  Implicit/static pattern stem: `s21_strerror'
#  File does not exist.
#  File has been updated.
#  Needs to be updated (-q is set).
# automatic
# @ := s21_strerror.o
# automatic
# % := 
# automatic
# * := s21_strerror
# automatic
# + := s21_strerror.c s21_string.h
# automatic
# | := 
# automatic
# < := s21_strerror.c
# automatic
# ^ := s21_strerror.c s21_string.h
# automatic
# ? := s21_strerror.c s21_string.h
# variable set hash-table stats:
# Load=8/32=25%, Rehash=0, Collisions=1/12=8%
#  commands to execute (from `Makefile', line 16):
	$(CC) -c $<
	

# Not a target:
s21_strpbrk.o:
#  Implicit rule search has not been done.
#  Modification time never checked.
#  File has not been updated.

# Not a target:
s21_trim.o:
#  Implicit rule search has not been done.
#  Modification time never checked.
#  File has not been updated.

# Not a target:
.DEFAULT:
#  Implicit rule search has not been done.
#  Modification time never checked.
#  File has not been updated.

# Not a target:
s21_strncpy.o:
#  Implicit rule search has not been done.
#  Modification time never checked.
#  File has not been updated.

# Not a target:
s21_strncmp.o:
#  Implicit rule search has not been done.
#  Modification time never checked.
#  File has not been updated.

# Not a target:
s21_strcpy.o:
#  Implicit rule search has not been done.
#  Modification time never checked.
#  File has not been updated.

# Not a target:
s21_strcmp.o:
#  Implicit rule search has not been done.
#  Modification time never checked.
#  File has not been updated.

# Not a target:
s21_strspn.o:
#  Implicit rule search has not been done.
#  Modification time never checked.
#  File has not been updated.

re: clean all
#  Implicit rule search has not been done.
#  Modification time never checked.
#  File has not been updated.

clean:
#  Implicit rule search has not been done.
#  Modification time never checked.
#  File has not been updated.
#  commands to execute (from `Makefile', line 29):
	rm -rf $(OBJ)
	rm -rf test
	rm -rf *.gcda *.gcno *.info
	rm -rf ./test_output/ 
	rm -rf s21_string.a
	rm -rf test_leaks
	rm -rf CPPLINT.cfg
	rm -rf RESULT_VALGRIND.txt
	rm -rf test_leaks.dSYM
	

# Not a target:
s21_memmove.o:
#  Implicit rule search has not been done.
#  Modification time never checked.
#  File has not been updated.

# Not a target:
s21_strchr.o:
#  Implicit rule search has not been done.
#  Modification time never checked.
#  File has not been updated.

# Not a target:
s21_insert.o:
#  Implicit rule search has not been done.
#  Modification time never checked.
#  File has not been updated.

# Not a target:
s21_strstr.o:
#  Implicit rule search has not been done.
#  Modification time never checked.
#  File has not been updated.

# Not a target:
s21_strerror.c:
#  Implicit rule search has been done.
#  Last modified 2022-05-24 18:37:42
#  File has been updated.
#  Successfully updated.
# variable set hash-table stats:
# Load=0/32=0%, Rehash=0, Collisions=0/0=0%

# Not a target:
s21_string.h:
#  Implicit rule search has been done.
#  Last modified 2022-05-24 18:37:42
#  File has been updated.
#  Successfully updated.
# variable set hash-table stats:
# Load=0/32=0%, Rehash=0, Collisions=0/0=0%

check:
#  Implicit rule search has not been done.
#  Modification time never checked.
#  File has not been updated.
#  commands to execute (from `Makefile', line 42):
	cppcheck *.h *.c
	cp ../materials/linters/CPPLINT.cfg CPPLINT.cfg
	python3 ../materials/linters/cpplint.py --extension=c *.c *.h
	

# Not a target:
s21_sprintf.o:
#  Implicit rule search has not been done.
#  Modification time never checked.
#  File has not been updated.

valgrind: s21_string.a
#  Implicit rule search has not been done.
#  Modification time never checked.
#  File has not been updated.
#  commands to execute (from `Makefile', line 47):
	$(CC) string_test.c s21_string.a -lcheck -o test_leaks
	valgrind --leak-check=full --show-leak-kinds=all --track-origins=yes --verbose --log-file=RESULT_VALGRIND.txt ./test_leaks
	

# files hash-table stats:
# Load=38/1024=4%, Rehash=0, Collisions=0/88=0%
# VPATH Search Paths

# No `vpath' search paths.

# No general (`VPATH' variable) search path.

# # of strings in strcache: 1
# # of strcache buffers: 1
# strcache size: total = 4096 / max = 4096 / min = 4096 / avg = 4096
 
# strcache free: total = 4087 / max = 4087 / min = 4087 / avg = 4087

# Finished Make data base on Tue May 24 18:38:00 2022

 
